TN:
SF:/Users/hotoo/workbench/webforms/univ/index.js
FN:6,(anonymous_1)
FN:19,(anonymous_2)
FN:58,typeOf
FN:62,isString
FN:66,isBoolean
FN:70,isArray
FN:74,isNumber
FN:78,isRegExp
FN:82,isFunction
FN:85,isObject
FN:89,trim
FN:96,toNumber
FN:105,eachRules
FN:113,eachValues
FN:126,merge
FN:143,startsWith
FN:146,endsWith
FN:159,verifyRequired
FN:173,verifyIsNumber
FN:180,verifyMin
FN:199,verifyMax
FN:217,verifyMinLimit
FN:248,verifyMaxLimit
FN:271,verifyMinLengthList
FN:283,verifyMaxLengthList
FN:295,verifyMinLength
FN:303,verifyMaxLength
FN:312,verifyIsMonth
FN:318,verifyMinMonth
FN:330,verifyMaxMonth
FN:344,verifyIsTime
FN:350,verifyMinTime
FN:363,verifyMaxTime
FN:377,verifyIsDate
FN:385,verifyMinDate
FN:398,verifyMaxDate
FN:414,verifyIsDateTime
FN:422,verifyMinDateTime
FN:436,verifyMaxDateTime
FN:453,verifyIsDateTimeLocal
FN:461,verifyMinDateTimeLocal
FN:475,verifyMaxDateTimeLocal
FN:491,verifyIsWeek
FN:499,verifyMinWeek
FN:514,verifyMaxWeek
FN:532,verifyIsUrl
FN:540,verifyIsEmail
FN:548,verifyIsMobile
FN:556,verifyIsTel
FN:564,verifyIsColor
FN:570,verifyPattern
FN:588,verifyPatternList
FN:596,verifyFunction
FN:600,(anonymous_54)
FN:631,typeByName
FN:641,verifyFileType
FN:658,verifyMinFileSize
FN:664,verifyMaxFileSize
FN:685,verify
FN:831,(anonymous_60)
FN:876,(anonymous_61)
FN:883,(anonymous_62)
FN:888,(anonymous_63)
FN:904,(anonymous_64)
FN:909,(anonymous_65)
FN:918,(anonymous_66)
FNF:66
FNH:65
FNDA:7,(anonymous_1)
FNDA:41,(anonymous_2)
FNDA:15491,typeOf
FNDA:988,isString
FNDA:7610,isBoolean
FNDA:3432,isArray
FNDA:6982,isNumber
FNDA:921,isRegExp
FNDA:1090,isFunction
FNDA:50,isObject
FNDA:2868,trim
FNDA:3501,toNumber
FNDA:970,eachRules
FNDA:1241,eachValues
FNDA:25,merge
FNDA:19,startsWith
FNDA:24,endsWith
FNDA:946,verifyRequired
FNDA:108,verifyIsNumber
FNDA:89,verifyMin
FNDA:71,verifyMax
FNDA:1163,verifyMinLimit
FNDA:658,verifyMaxLimit
FNDA:363,verifyMinLengthList
FNDA:361,verifyMaxLengthList
FNDA:316,verifyMinLength
FNDA:320,verifyMaxLength
FNDA:78,verifyIsMonth
FNDA:42,verifyMinMonth
FNDA:36,verifyMaxMonth
FNDA:111,verifyIsTime
FNDA:58,verifyMinTime
FNDA:49,verifyMaxTime
FNDA:49,verifyIsDate
FNDA:25,verifyMinDate
FNDA:21,verifyMaxDate
FNDA:184,verifyIsDateTime
FNDA:90,verifyMinDateTime
FNDA:72,verifyMaxDateTime
FNDA:184,verifyIsDateTimeLocal
FNDA:90,verifyMinDateTimeLocal
FNDA:72,verifyMaxDateTimeLocal
FNDA:49,verifyIsWeek
FNDA:26,verifyMinWeek
FNDA:26,verifyMaxWeek
FNDA:39,verifyIsUrl
FNDA:42,verifyIsEmail
FNDA:48,verifyIsMobile
FNDA:13,verifyIsTel
FNDA:22,verifyIsColor
FNDA:921,verifyPattern
FNDA:358,verifyPatternList
FNDA:673,verifyFunction
FNDA:0,(anonymous_54)
FNDA:11,typeByName
FNDA:56,verifyFileType
FNDA:46,verifyMinFileSize
FNDA:41,verifyMaxFileSize
FNDA:946,verify
FNDA:6,(anonymous_60)
FNDA:970,(anonymous_61)
FNDA:970,(anonymous_62)
FNDA:946,(anonymous_63)
FNDA:3880,(anonymous_64)
FNDA:416,(anonymous_65)
FNDA:1,(anonymous_66)
DA:2,1
DA:3,1
DA:5,1
DA:7,7
DA:20,41
DA:24,1
DA:58,1
DA:59,15491
DA:62,1
DA:63,988
DA:66,1
DA:67,7610
DA:70,1
DA:71,3432
DA:74,1
DA:75,6982
DA:78,1
DA:79,921
DA:82,1
DA:83,1090
DA:85,1
DA:86,50
DA:89,1
DA:90,2868
DA:96,1
DA:97,3501
DA:98,2868
DA:99,2868
DA:100,2868
DA:105,1
DA:106,970
DA:107,946
DA:108,946
DA:113,1
DA:114,1241
DA:115,1241
DA:116,1241
DA:117,673
DA:118,1086
DA:119,1086
DA:121,673
DA:123,568
DA:126,1
DA:127,25
DA:128,25
DA:129,50
DA:130,50
DA:132,50
DA:133,350
DA:134,350
DA:140,25
DA:143,1
DA:144,19
DA:146,1
DA:147,24
DA:159,1
DA:160,946
DA:161,502
DA:162,139
DA:165,444
DA:166,134
DA:173,1
DA:174,108
DA:176,108
DA:177,108
DA:180,1
DA:181,89
DA:182,89
DA:183,89
DA:184,89
DA:185,59
DA:186,30
DA:187,0
DA:189,30
DA:192,89
DA:194,89
DA:199,1
DA:200,71
DA:201,71
DA:202,71
DA:203,71
DA:204,71
DA:205,0
DA:206,0
DA:208,0
DA:211,71
DA:212,71
DA:217,1
DA:218,1163
DA:219,1163
DA:221,1163
DA:223,1163
DA:224,507
DA:225,2
DA:228,507
DA:229,54
DA:232,453
DA:233,775
DA:234,605
DA:240,507
DA:241,507
DA:243,5
DA:245,507
DA:248,1
DA:250,658
DA:251,658
DA:252,9
DA:253,3
DA:256,9
DA:257,9
DA:258,22
DA:259,13
DA:263,9
DA:264,9
DA:266,9
DA:268,9
DA:271,1
DA:272,363
DA:273,363
DA:275,5
DA:276,5
DA:277,9
DA:280,5
DA:283,1
DA:284,361
DA:285,361
DA:287,8
DA:288,8
DA:289,17
DA:292,8
DA:295,1
DA:296,316
DA:297,316
DA:299,316
DA:300,316
DA:303,1
DA:304,320
DA:305,320
DA:307,320
DA:308,320
DA:311,1
DA:312,1
DA:313,78
DA:314,78
DA:315,78
DA:318,1
DA:319,42
DA:320,14
DA:321,0
DA:323,0
DA:325,14
DA:326,14
DA:327,14
DA:330,1
DA:331,36
DA:332,14
DA:333,0
DA:335,0
DA:337,14
DA:338,14
DA:339,14
DA:343,1
DA:344,1
DA:345,111
DA:346,111
DA:347,111
DA:350,1
DA:351,58
DA:352,19
DA:353,0
DA:355,0
DA:357,19
DA:358,19
DA:359,19
DA:360,19
DA:363,1
DA:364,49
DA:365,19
DA:366,0
DA:368,0
DA:370,19
DA:371,19
DA:372,19
DA:373,19
DA:376,1
DA:377,1
DA:378,49
DA:379,49
DA:380,36
DA:382,49
DA:385,1
DA:386,25
DA:388,6
DA:389,2
DA:391,2
DA:393,4
DA:394,4
DA:395,4
DA:398,1
DA:399,21
DA:401,7
DA:402,2
DA:404,2
DA:406,5
DA:407,5
DA:408,5
DA:413,1
DA:414,1
DA:415,184
DA:416,184
DA:417,116
DA:419,184
DA:422,1
DA:423,90
DA:426,34
DA:427,0
DA:429,0
DA:431,34
DA:432,34
DA:433,34
DA:436,1
DA:437,72
DA:440,34
DA:441,0
DA:443,0
DA:445,34
DA:446,34
DA:447,34
DA:452,1
DA:453,1
DA:454,184
DA:455,184
DA:456,116
DA:458,184
DA:461,1
DA:462,90
DA:465,34
DA:466,0
DA:468,0
DA:470,34
DA:471,34
DA:472,34
DA:475,1
DA:476,72
DA:479,34
DA:480,0
DA:482,0
DA:484,34
DA:485,34
DA:486,34
DA:490,1
DA:491,1
DA:492,49
DA:493,49
DA:494,31
DA:496,49
DA:499,1
DA:500,26
DA:503,9
DA:504,0
DA:506,0
DA:508,9
DA:510,9
DA:511,9
DA:514,1
DA:515,26
DA:518,9
DA:519,0
DA:521,0
DA:523,9
DA:525,9
DA:526,9
DA:531,1
DA:532,1
DA:533,39
DA:534,39
DA:535,39
DA:539,1
DA:540,1
DA:541,42
DA:542,42
DA:543,42
DA:547,1
DA:548,1
DA:549,48
DA:550,48
DA:551,48
DA:555,1
DA:556,1
DA:557,13
DA:558,13
DA:559,13
DA:563,1
DA:564,1
DA:565,22
DA:566,22
DA:567,22
DA:570,1
DA:571,921
DA:573,921
DA:575,13
DA:576,13
DA:578,0
DA:579,0
DA:582,13
DA:583,13
DA:585,13
DA:588,1
DA:589,358
DA:590,358
DA:591,613
DA:593,358
DA:596,1
DA:597,673
DA:599,25
DA:601,0
DA:605,25
DA:606,25
DA:607,19
DA:612,1
DA:631,1
DA:632,11
DA:633,11
DA:634,11
DA:641,1
DA:642,56
DA:643,27
DA:644,31
DA:645,11
DA:647,31
DA:648,7
DA:649,24
DA:651,11
DA:654,9
DA:655,9
DA:658,1
DA:659,46
DA:660,8
DA:661,8
DA:662,8
DA:664,1
DA:665,41
DA:666,9
DA:667,9
DA:668,9
DA:671,1
DA:685,1
DA:687,946
DA:688,946
DA:703,946
DA:705,946
DA:707,273
DA:708,135
DA:709,135
DA:710,135
DA:713,273
DA:714,273
DA:717,673
DA:719,363
DA:726,310
DA:734,673
DA:740,673
DA:743,79
DA:747,79
DA:750,32
DA:754,32
DA:757,92
DA:761,92
DA:764,92
DA:768,92
DA:771,59
DA:775,59
DA:778,26
DA:782,26
DA:785,42
DA:789,42
DA:792,38
DA:793,38
DA:796,33
DA:797,33
DA:800,12
DA:804,12
DA:807,19
DA:808,19
DA:811,43
DA:815,43
DA:831,673
DA:833,6
DA:834,3
DA:835,3
DA:836,3
DA:839,6
DA:841,6
DA:842,4
DA:843,4
DA:847,673
DA:849,673
DA:851,667
DA:852,8
DA:853,8
DA:856,667
DA:857,8004
DA:858,279
DA:859,279
DA:863,667
DA:865,667
DA:867,667
DA:868,667
DA:870,6
DA:876,1
DA:877,970
DA:878,970
DA:879,970
DA:880,970
DA:883,1
DA:885,970
DA:886,970
DA:888,970
DA:890,946
DA:891,946
DA:892,946
DA:896,970
DA:897,966
DA:898,966
DA:901,970
DA:904,1
DA:905,3880
DA:906,3880
DA:909,1
DA:910,416
DA:911,0
DA:913,416
DA:915,416
DA:918,1
DA:919,1
DA:920,1
DA:922,1
DA:923,1
DA:926,1
LF:439
LH:411
BRDA:75,1,0,6982
BRDA:75,1,1,1400
BRDA:86,2,0,50
BRDA:86,2,1,50
BRDA:97,3,0,633
BRDA:97,3,1,2868
BRDA:99,4,0,0
BRDA:99,4,1,2868
BRDA:107,5,0,946
BRDA:107,5,1,0
BRDA:116,6,0,673
BRDA:116,6,1,568
BRDA:119,7,0,1086
BRDA:119,7,1,988
BRDA:130,8,0,0
BRDA:130,8,1,50
BRDA:133,9,0,350
BRDA:133,9,1,0
BRDA:144,10,0,19
BRDA:144,10,1,19
BRDA:147,11,0,24
BRDA:147,11,1,24
BRDA:160,12,0,502
BRDA:160,12,1,444
BRDA:161,13,0,139
BRDA:161,13,1,363
BRDA:162,14,0,139
BRDA:162,14,1,72
BRDA:165,15,0,134
BRDA:165,15,1,310
BRDA:165,16,0,444
BRDA:165,16,1,386
BRDA:165,16,2,362
BRDA:166,17,0,134
BRDA:166,17,1,71
BRDA:174,18,0,108
BRDA:174,18,1,40
BRDA:184,19,0,59
BRDA:184,19,1,30
BRDA:186,20,0,0
BRDA:186,20,1,30
BRDA:203,21,0,71
BRDA:203,21,1,0
BRDA:205,22,0,0
BRDA:205,22,1,0
BRDA:223,23,0,656
BRDA:223,23,1,507
BRDA:224,24,0,2
BRDA:224,24,1,505
BRDA:228,25,0,54
BRDA:228,25,1,453
BRDA:233,26,0,605
BRDA:233,26,1,170
BRDA:233,27,0,775
BRDA:233,27,1,706
BRDA:233,27,2,662
BRDA:241,28,0,5
BRDA:241,28,1,502
BRDA:251,29,0,649
BRDA:251,29,1,9
BRDA:252,30,0,3
BRDA:252,30,1,6
BRDA:258,31,0,13
BRDA:258,31,1,9
BRDA:258,32,0,22
BRDA:258,32,1,19
BRDA:258,32,2,16
BRDA:264,33,0,9
BRDA:264,33,1,0
BRDA:273,34,0,358
BRDA:273,34,1,5
BRDA:277,35,0,9
BRDA:277,35,1,6
BRDA:285,36,0,353
BRDA:285,36,1,8
BRDA:289,37,0,17
BRDA:289,37,1,11
BRDA:297,38,0,316
BRDA:297,38,1,9
BRDA:297,38,2,7
BRDA:305,39,0,320
BRDA:305,39,1,14
BRDA:305,39,2,13
BRDA:313,40,0,78
BRDA:313,40,1,75
BRDA:319,41,0,28
BRDA:319,41,1,14
BRDA:320,42,0,0
BRDA:320,42,1,14
BRDA:331,43,0,22
BRDA:331,43,1,14
BRDA:332,44,0,0
BRDA:332,44,1,14
BRDA:345,45,0,111
BRDA:345,45,1,105
BRDA:351,46,0,39
BRDA:351,46,1,19
BRDA:352,47,0,0
BRDA:352,47,1,19
BRDA:364,48,0,30
BRDA:364,48,1,19
BRDA:365,49,0,0
BRDA:365,49,1,19
BRDA:378,50,0,49
BRDA:378,50,1,40
BRDA:379,51,0,36
BRDA:379,51,1,13
BRDA:386,52,0,19
BRDA:386,52,1,6
BRDA:388,53,0,2
BRDA:388,53,1,4
BRDA:399,54,0,14
BRDA:399,54,1,7
BRDA:401,55,0,2
BRDA:401,55,1,5
BRDA:415,56,0,184
BRDA:415,56,1,178
BRDA:416,57,0,116
BRDA:416,57,1,68
BRDA:423,58,0,56
BRDA:423,58,1,34
BRDA:426,59,0,0
BRDA:426,59,1,34
BRDA:437,60,0,38
BRDA:437,60,1,34
BRDA:440,61,0,0
BRDA:440,61,1,34
BRDA:454,62,0,184
BRDA:454,62,1,178
BRDA:455,63,0,116
BRDA:455,63,1,68
BRDA:462,64,0,56
BRDA:462,64,1,34
BRDA:465,65,0,0
BRDA:465,65,1,34
BRDA:476,66,0,38
BRDA:476,66,1,34
BRDA:479,67,0,0
BRDA:479,67,1,34
BRDA:492,68,0,49
BRDA:492,68,1,46
BRDA:493,69,0,31
BRDA:493,69,1,18
BRDA:500,70,0,17
BRDA:500,70,1,9
BRDA:503,71,0,0
BRDA:503,71,1,9
BRDA:515,72,0,17
BRDA:515,72,1,9
BRDA:518,73,0,0
BRDA:518,73,1,9
BRDA:571,74,0,921
BRDA:571,74,1,0
BRDA:573,75,0,908
BRDA:573,75,1,13
BRDA:591,76,0,613
BRDA:591,76,1,613
BRDA:597,77,0,648
BRDA:597,77,1,25
BRDA:606,78,0,19
BRDA:606,78,1,6
BRDA:633,79,0,11
BRDA:633,79,1,0
BRDA:642,80,0,29
BRDA:642,80,1,27
BRDA:642,81,0,56
BRDA:642,81,1,28
BRDA:642,81,2,28
BRDA:644,82,0,11
BRDA:644,82,1,20
BRDA:647,83,0,7
BRDA:647,83,1,24
BRDA:649,84,0,11
BRDA:649,84,1,13
BRDA:649,85,0,24
BRDA:649,85,1,19
BRDA:659,86,0,38
BRDA:659,86,1,8
BRDA:659,87,0,46
BRDA:659,87,1,11
BRDA:665,88,0,32
BRDA:665,88,1,9
BRDA:665,89,0,41
BRDA:665,89,1,12
BRDA:705,90,0,273
BRDA:705,90,1,673
BRDA:707,91,0,135
BRDA:707,91,1,138
BRDA:713,92,0,138
BRDA:713,92,1,135
BRDA:717,93,0,363
BRDA:717,93,1,310
BRDA:719,94,0,363
BRDA:719,94,1,363
BRDA:719,94,2,361
BRDA:719,94,3,358
BRDA:726,95,0,310
BRDA:726,95,1,310
BRDA:726,95,2,309
BRDA:726,95,3,308
BRDA:734,96,0,673
BRDA:734,96,1,661
BRDA:734,96,2,658
BRDA:740,97,0,79
BRDA:740,97,1,79
BRDA:740,97,2,32
BRDA:740,97,3,92
BRDA:740,97,4,92
BRDA:740,97,5,59
BRDA:740,97,6,26
BRDA:740,97,7,42
BRDA:740,97,8,38
BRDA:740,97,9,33
BRDA:740,97,10,12
BRDA:740,97,11,19
BRDA:740,97,12,43
BRDA:743,98,0,79
BRDA:743,98,1,79
BRDA:743,98,2,66
BRDA:743,98,3,48
BRDA:750,99,0,32
BRDA:750,99,1,32
BRDA:750,99,2,21
BRDA:750,99,3,19
BRDA:757,100,0,92
BRDA:757,100,1,92
BRDA:757,100,2,71
BRDA:757,100,3,58
BRDA:764,101,0,92
BRDA:764,101,1,92
BRDA:764,101,2,71
BRDA:764,101,3,58
BRDA:771,102,0,59
BRDA:771,102,1,59
BRDA:771,102,2,46
BRDA:771,102,3,39
BRDA:778,103,0,26
BRDA:778,103,1,26
BRDA:778,103,2,21
BRDA:778,103,3,21
BRDA:785,104,0,42
BRDA:785,104,1,42
BRDA:785,104,2,35
BRDA:785,104,3,30
BRDA:792,105,0,38
BRDA:792,105,1,38
BRDA:796,106,0,33
BRDA:796,106,1,33
BRDA:800,107,0,12
BRDA:800,107,1,12
BRDA:800,107,2,7
BRDA:807,108,0,19
BRDA:807,108,1,19
BRDA:811,109,0,43
BRDA:811,109,1,43
BRDA:811,109,2,34
BRDA:811,109,3,29
BRDA:833,110,0,3
BRDA:833,110,1,3
BRDA:839,111,0,3
BRDA:839,111,1,3
BRDA:841,112,0,4
BRDA:841,112,1,2
BRDA:842,113,0,4
BRDA:842,113,1,4
BRDA:849,114,0,667
BRDA:849,114,1,6
BRDA:851,115,0,8
BRDA:851,115,1,659
BRDA:857,116,0,279
BRDA:857,116,1,7725
BRDA:857,117,0,8004
BRDA:857,117,1,8004
BRDA:857,117,2,7337
BRDA:857,117,3,6670
BRDA:863,118,0,667
BRDA:863,118,1,396
BRDA:867,119,0,388
BRDA:867,119,1,279
BRDA:892,120,0,946
BRDA:892,120,1,944
BRDA:896,121,0,966
BRDA:896,121,1,4
BRDA:910,122,0,0
BRDA:910,122,1,416
BRDA:919,123,0,0
BRDA:919,123,1,1
BRDA:920,124,0,0
BRDA:920,124,1,1
BRF:289
BRH:265
end_of_record
